<?xml version="1.0" encoding="UTF-8"?>
<testsuite xmlns:xsi="http://www.w3.org/2001/XMLSchema-instance" xsi:noNamespaceSchemaLocation="https://maven.apache.org/surefire/maven-surefire-plugin/xsd/surefire-test-report.xsd" name="homework.backend.DemoApplicationTests" time="4.368" tests="1" errors="0" skipped="0" failures="0">
  <properties>
    <property name="sun.desktop" value="windows"/>
    <property name="awt.toolkit" value="sun.awt.windows.WToolkit"/>
    <property name="file.encoding.pkg" value="sun.io"/>
    <property name="java.specification.version" value="1.8"/>
    <property name="sun.cpu.isalist" value="amd64"/>
    <property name="sun.jnu.encoding" value="GBK"/>
    <property name="java.class.path" value="F:\Sophia\course\week3\backend\target\test-classes;F:\Sophia\course\week3\backend\target\classes;C:\Users\Sophia\apache-maven-3.8.6\maven-repo\org\springframework\boot\spring-boot-starter-web\2.1.2.RELEASE\spring-boot-starter-web-2.1.2.RELEASE.jar;C:\Users\Sophia\apache-maven-3.8.6\maven-repo\org\springframework\boot\spring-boot-starter\2.1.2.RELEASE\spring-boot-starter-2.1.2.RELEASE.jar;C:\Users\Sophia\apache-maven-3.8.6\maven-repo\org\springframework\boot\spring-boot\2.1.2.RELEASE\spring-boot-2.1.2.RELEASE.jar;C:\Users\Sophia\apache-maven-3.8.6\maven-repo\org\springframework\boot\spring-boot-autoconfigure\2.1.2.RELEASE\spring-boot-autoconfigure-2.1.2.RELEASE.jar;C:\Users\Sophia\apache-maven-3.8.6\maven-repo\org\springframework\boot\spring-boot-starter-logging\2.1.2.RELEASE\spring-boot-starter-logging-2.1.2.RELEASE.jar;C:\Users\Sophia\apache-maven-3.8.6\maven-repo\ch\qos\logback\logback-classic\1.2.3\logback-classic-1.2.3.jar;C:\Users\Sophia\apache-maven-3.8.6\maven-repo\ch\qos\logback\logback-core\1.2.3\logback-core-1.2.3.jar;C:\Users\Sophia\apache-maven-3.8.6\maven-repo\org\apache\logging\log4j\log4j-to-slf4j\2.11.1\log4j-to-slf4j-2.11.1.jar;C:\Users\Sophia\apache-maven-3.8.6\maven-repo\org\apache\logging\log4j\log4j-api\2.11.1\log4j-api-2.11.1.jar;C:\Users\Sophia\apache-maven-3.8.6\maven-repo\org\slf4j\jul-to-slf4j\1.7.25\jul-to-slf4j-1.7.25.jar;C:\Users\Sophia\apache-maven-3.8.6\maven-repo\javax\annotation\javax.annotation-api\1.3.2\javax.annotation-api-1.3.2.jar;C:\Users\Sophia\apache-maven-3.8.6\maven-repo\org\yaml\snakeyaml\1.23\snakeyaml-1.23.jar;C:\Users\Sophia\apache-maven-3.8.6\maven-repo\org\springframework\boot\spring-boot-starter-json\2.1.2.RELEASE\spring-boot-starter-json-2.1.2.RELEASE.jar;C:\Users\Sophia\apache-maven-3.8.6\maven-repo\com\fasterxml\jackson\core\jackson-databind\2.9.8\jackson-databind-2.9.8.jar;C:\Users\Sophia\apache-maven-3.8.6\maven-repo\com\fasterxml\jackson\core\jackson-core\2.9.8\jackson-core-2.9.8.jar;C:\Users\Sophia\apache-maven-3.8.6\maven-repo\com\fasterxml\jackson\datatype\jackson-datatype-jdk8\2.9.8\jackson-datatype-jdk8-2.9.8.jar;C:\Users\Sophia\apache-maven-3.8.6\maven-repo\com\fasterxml\jackson\datatype\jackson-datatype-jsr310\2.9.8\jackson-datatype-jsr310-2.9.8.jar;C:\Users\Sophia\apache-maven-3.8.6\maven-repo\com\fasterxml\jackson\module\jackson-module-parameter-names\2.9.8\jackson-module-parameter-names-2.9.8.jar;C:\Users\Sophia\apache-maven-3.8.6\maven-repo\org\springframework\boot\spring-boot-starter-tomcat\2.1.2.RELEASE\spring-boot-starter-tomcat-2.1.2.RELEASE.jar;C:\Users\Sophia\apache-maven-3.8.6\maven-repo\org\apache\tomcat\embed\tomcat-embed-core\9.0.14\tomcat-embed-core-9.0.14.jar;C:\Users\Sophia\apache-maven-3.8.6\maven-repo\org\apache\tomcat\embed\tomcat-embed-el\9.0.14\tomcat-embed-el-9.0.14.jar;C:\Users\Sophia\apache-maven-3.8.6\maven-repo\org\apache\tomcat\embed\tomcat-embed-websocket\9.0.14\tomcat-embed-websocket-9.0.14.jar;C:\Users\Sophia\apache-maven-3.8.6\maven-repo\org\hibernate\validator\hibernate-validator\6.0.14.Final\hibernate-validator-6.0.14.Final.jar;C:\Users\Sophia\apache-maven-3.8.6\maven-repo\javax\validation\validation-api\2.0.1.Final\validation-api-2.0.1.Final.jar;C:\Users\Sophia\apache-maven-3.8.6\maven-repo\org\jboss\logging\jboss-logging\3.3.2.Final\jboss-logging-3.3.2.Final.jar;C:\Users\Sophia\apache-maven-3.8.6\maven-repo\org\springframework\spring-web\5.1.4.RELEASE\spring-web-5.1.4.RELEASE.jar;C:\Users\Sophia\apache-maven-3.8.6\maven-repo\org\springframework\spring-beans\5.1.4.RELEASE\spring-beans-5.1.4.RELEASE.jar;C:\Users\Sophia\apache-maven-3.8.6\maven-repo\org\springframework\spring-webmvc\5.1.4.RELEASE\spring-webmvc-5.1.4.RELEASE.jar;C:\Users\Sophia\apache-maven-3.8.6\maven-repo\org\springframework\spring-aop\5.1.4.RELEASE\spring-aop-5.1.4.RELEASE.jar;C:\Users\Sophia\apache-maven-3.8.6\maven-repo\org\springframework\spring-context\5.1.4.RELEASE\spring-context-5.1.4.RELEASE.jar;C:\Users\Sophia\apache-maven-3.8.6\maven-repo\org\springframework\spring-expression\5.1.4.RELEASE\spring-expression-5.1.4.RELEASE.jar;C:\Users\Sophia\apache-maven-3.8.6\maven-repo\org\springframework\boot\spring-boot-starter-test\2.1.2.RELEASE\spring-boot-starter-test-2.1.2.RELEASE.jar;C:\Users\Sophia\apache-maven-3.8.6\maven-repo\org\springframework\boot\spring-boot-test\2.1.2.RELEASE\spring-boot-test-2.1.2.RELEASE.jar;C:\Users\Sophia\apache-maven-3.8.6\maven-repo\org\springframework\boot\spring-boot-test-autoconfigure\2.1.2.RELEASE\spring-boot-test-autoconfigure-2.1.2.RELEASE.jar;C:\Users\Sophia\apache-maven-3.8.6\maven-repo\com\jayway\jsonpath\json-path\2.4.0\json-path-2.4.0.jar;C:\Users\Sophia\apache-maven-3.8.6\maven-repo\net\minidev\json-smart\2.3\json-smart-2.3.jar;C:\Users\Sophia\apache-maven-3.8.6\maven-repo\net\minidev\accessors-smart\1.2\accessors-smart-1.2.jar;C:\Users\Sophia\apache-maven-3.8.6\maven-repo\org\ow2\asm\asm\5.0.4\asm-5.0.4.jar;C:\Users\Sophia\apache-maven-3.8.6\maven-repo\junit\junit\4.12\junit-4.12.jar;C:\Users\Sophia\apache-maven-3.8.6\maven-repo\org\assertj\assertj-core\3.11.1\assertj-core-3.11.1.jar;C:\Users\Sophia\apache-maven-3.8.6\maven-repo\org\mockito\mockito-core\2.23.4\mockito-core-2.23.4.jar;C:\Users\Sophia\apache-maven-3.8.6\maven-repo\net\bytebuddy\byte-buddy\1.9.7\byte-buddy-1.9.7.jar;C:\Users\Sophia\apache-maven-3.8.6\maven-repo\net\bytebuddy\byte-buddy-agent\1.9.7\byte-buddy-agent-1.9.7.jar;C:\Users\Sophia\apache-maven-3.8.6\maven-repo\org\objenesis\objenesis\2.6\objenesis-2.6.jar;C:\Users\Sophia\apache-maven-3.8.6\maven-repo\org\hamcrest\hamcrest-core\1.3\hamcrest-core-1.3.jar;C:\Users\Sophia\apache-maven-3.8.6\maven-repo\org\hamcrest\hamcrest-library\1.3\hamcrest-library-1.3.jar;C:\Users\Sophia\apache-maven-3.8.6\maven-repo\org\skyscreamer\jsonassert\1.5.0\jsonassert-1.5.0.jar;C:\Users\Sophia\apache-maven-3.8.6\maven-repo\com\vaadin\external\google\android-json\0.0.20131108.vaadin1\android-json-0.0.20131108.vaadin1.jar;C:\Users\Sophia\apache-maven-3.8.6\maven-repo\org\springframework\spring-core\5.1.4.RELEASE\spring-core-5.1.4.RELEASE.jar;C:\Users\Sophia\apache-maven-3.8.6\maven-repo\org\springframework\spring-jcl\5.1.4.RELEASE\spring-jcl-5.1.4.RELEASE.jar;C:\Users\Sophia\apache-maven-3.8.6\maven-repo\org\springframework\spring-test\5.1.4.RELEASE\spring-test-5.1.4.RELEASE.jar;C:\Users\Sophia\apache-maven-3.8.6\maven-repo\org\xmlunit\xmlunit-core\2.6.2\xmlunit-core-2.6.2.jar;C:\Users\Sophia\apache-maven-3.8.6\maven-repo\mysql\mysql-connector-java\8.0.13\mysql-connector-java-8.0.13.jar;C:\Users\Sophia\apache-maven-3.8.6\maven-repo\org\mybatis\spring\boot\mybatis-spring-boot-starter\1.3.1\mybatis-spring-boot-starter-1.3.1.jar;C:\Users\Sophia\apache-maven-3.8.6\maven-repo\org\springframework\boot\spring-boot-starter-jdbc\2.1.2.RELEASE\spring-boot-starter-jdbc-2.1.2.RELEASE.jar;C:\Users\Sophia\apache-maven-3.8.6\maven-repo\com\zaxxer\HikariCP\3.2.0\HikariCP-3.2.0.jar;C:\Users\Sophia\apache-maven-3.8.6\maven-repo\org\springframework\spring-jdbc\5.1.4.RELEASE\spring-jdbc-5.1.4.RELEASE.jar;C:\Users\Sophia\apache-maven-3.8.6\maven-repo\org\springframework\spring-tx\5.1.4.RELEASE\spring-tx-5.1.4.RELEASE.jar;C:\Users\Sophia\apache-maven-3.8.6\maven-repo\org\mybatis\spring\boot\mybatis-spring-boot-autoconfigure\1.3.1\mybatis-spring-boot-autoconfigure-1.3.1.jar;C:\Users\Sophia\apache-maven-3.8.6\maven-repo\org\mybatis\mybatis\3.4.5\mybatis-3.4.5.jar;C:\Users\Sophia\apache-maven-3.8.6\maven-repo\org\mybatis\mybatis-spring\1.3.1\mybatis-spring-1.3.1.jar;C:\Users\Sophia\apache-maven-3.8.6\maven-repo\io\springfox\springfox-swagger2\2.9.2\springfox-swagger2-2.9.2.jar;C:\Users\Sophia\apache-maven-3.8.6\maven-repo\io\swagger\swagger-annotations\1.5.20\swagger-annotations-1.5.20.jar;C:\Users\Sophia\apache-maven-3.8.6\maven-repo\io\swagger\swagger-models\1.5.20\swagger-models-1.5.20.jar;C:\Users\Sophia\apache-maven-3.8.6\maven-repo\com\fasterxml\jackson\core\jackson-annotations\2.9.0\jackson-annotations-2.9.0.jar;C:\Users\Sophia\apache-maven-3.8.6\maven-repo\io\springfox\springfox-spi\2.9.2\springfox-spi-2.9.2.jar;C:\Users\Sophia\apache-maven-3.8.6\maven-repo\io\springfox\springfox-core\2.9.2\springfox-core-2.9.2.jar;C:\Users\Sophia\apache-maven-3.8.6\maven-repo\io\springfox\springfox-schema\2.9.2\springfox-schema-2.9.2.jar;C:\Users\Sophia\apache-maven-3.8.6\maven-repo\io\springfox\springfox-swagger-common\2.9.2\springfox-swagger-common-2.9.2.jar;C:\Users\Sophia\apache-maven-3.8.6\maven-repo\io\springfox\springfox-spring-web\2.9.2\springfox-spring-web-2.9.2.jar;C:\Users\Sophia\apache-maven-3.8.6\maven-repo\com\google\guava\guava\20.0\guava-20.0.jar;C:\Users\Sophia\apache-maven-3.8.6\maven-repo\com\fasterxml\classmate\1.4.0\classmate-1.4.0.jar;C:\Users\Sophia\apache-maven-3.8.6\maven-repo\org\slf4j\slf4j-api\1.7.25\slf4j-api-1.7.25.jar;C:\Users\Sophia\apache-maven-3.8.6\maven-repo\org\springframework\plugin\spring-plugin-core\1.2.0.RELEASE\spring-plugin-core-1.2.0.RELEASE.jar;C:\Users\Sophia\apache-maven-3.8.6\maven-repo\org\springframework\plugin\spring-plugin-metadata\1.2.0.RELEASE\spring-plugin-metadata-1.2.0.RELEASE.jar;C:\Users\Sophia\apache-maven-3.8.6\maven-repo\org\mapstruct\mapstruct\1.2.0.Final\mapstruct-1.2.0.Final.jar;C:\Users\Sophia\apache-maven-3.8.6\maven-repo\io\springfox\springfox-swagger-ui\2.9.2\springfox-swagger-ui-2.9.2.jar;"/>
    <property name="java.vm.vendor" value="Amazon.com Inc."/>
    <property name="sun.arch.data.model" value="64"/>
    <property name="user.variant" value=""/>
    <property name="java.vendor.url" value="https://aws.amazon.com/corretto/"/>
    <property name="user.timezone" value="Asia/Shanghai"/>
    <property name="java.vm.specification.version" value="1.8"/>
    <property name="os.name" value="Windows 10"/>
    <property name="user.country" value="CN"/>
    <property name="sun.java.launcher" value="SUN_STANDARD"/>
    <property name="sun.boot.library.path" value="C:\Users\Sophia\.jdks\corretto-1.8.0_352-1\jre\bin"/>
    <property name="sun.java.command" value="C:\Users\Sophia\AppData\Local\Temp\surefire6075176107026903352\surefirebooter9122324677188427278.jar C:\Users\Sophia\AppData\Local\Temp\surefire6075176107026903352 2024-08-15T15-03-23_772-jvmRun1 surefire2753666299177896923tmp surefire_06951253663041397771tmp"/>
    <property name="surefire.test.class.path" value="F:\Sophia\course\week3\backend\target\test-classes;F:\Sophia\course\week3\backend\target\classes;C:\Users\Sophia\apache-maven-3.8.6\maven-repo\org\springframework\boot\spring-boot-starter-web\2.1.2.RELEASE\spring-boot-starter-web-2.1.2.RELEASE.jar;C:\Users\Sophia\apache-maven-3.8.6\maven-repo\org\springframework\boot\spring-boot-starter\2.1.2.RELEASE\spring-boot-starter-2.1.2.RELEASE.jar;C:\Users\Sophia\apache-maven-3.8.6\maven-repo\org\springframework\boot\spring-boot\2.1.2.RELEASE\spring-boot-2.1.2.RELEASE.jar;C:\Users\Sophia\apache-maven-3.8.6\maven-repo\org\springframework\boot\spring-boot-autoconfigure\2.1.2.RELEASE\spring-boot-autoconfigure-2.1.2.RELEASE.jar;C:\Users\Sophia\apache-maven-3.8.6\maven-repo\org\springframework\boot\spring-boot-starter-logging\2.1.2.RELEASE\spring-boot-starter-logging-2.1.2.RELEASE.jar;C:\Users\Sophia\apache-maven-3.8.6\maven-repo\ch\qos\logback\logback-classic\1.2.3\logback-classic-1.2.3.jar;C:\Users\Sophia\apache-maven-3.8.6\maven-repo\ch\qos\logback\logback-core\1.2.3\logback-core-1.2.3.jar;C:\Users\Sophia\apache-maven-3.8.6\maven-repo\org\apache\logging\log4j\log4j-to-slf4j\2.11.1\log4j-to-slf4j-2.11.1.jar;C:\Users\Sophia\apache-maven-3.8.6\maven-repo\org\apache\logging\log4j\log4j-api\2.11.1\log4j-api-2.11.1.jar;C:\Users\Sophia\apache-maven-3.8.6\maven-repo\org\slf4j\jul-to-slf4j\1.7.25\jul-to-slf4j-1.7.25.jar;C:\Users\Sophia\apache-maven-3.8.6\maven-repo\javax\annotation\javax.annotation-api\1.3.2\javax.annotation-api-1.3.2.jar;C:\Users\Sophia\apache-maven-3.8.6\maven-repo\org\yaml\snakeyaml\1.23\snakeyaml-1.23.jar;C:\Users\Sophia\apache-maven-3.8.6\maven-repo\org\springframework\boot\spring-boot-starter-json\2.1.2.RELEASE\spring-boot-starter-json-2.1.2.RELEASE.jar;C:\Users\Sophia\apache-maven-3.8.6\maven-repo\com\fasterxml\jackson\core\jackson-databind\2.9.8\jackson-databind-2.9.8.jar;C:\Users\Sophia\apache-maven-3.8.6\maven-repo\com\fasterxml\jackson\core\jackson-core\2.9.8\jackson-core-2.9.8.jar;C:\Users\Sophia\apache-maven-3.8.6\maven-repo\com\fasterxml\jackson\datatype\jackson-datatype-jdk8\2.9.8\jackson-datatype-jdk8-2.9.8.jar;C:\Users\Sophia\apache-maven-3.8.6\maven-repo\com\fasterxml\jackson\datatype\jackson-datatype-jsr310\2.9.8\jackson-datatype-jsr310-2.9.8.jar;C:\Users\Sophia\apache-maven-3.8.6\maven-repo\com\fasterxml\jackson\module\jackson-module-parameter-names\2.9.8\jackson-module-parameter-names-2.9.8.jar;C:\Users\Sophia\apache-maven-3.8.6\maven-repo\org\springframework\boot\spring-boot-starter-tomcat\2.1.2.RELEASE\spring-boot-starter-tomcat-2.1.2.RELEASE.jar;C:\Users\Sophia\apache-maven-3.8.6\maven-repo\org\apache\tomcat\embed\tomcat-embed-core\9.0.14\tomcat-embed-core-9.0.14.jar;C:\Users\Sophia\apache-maven-3.8.6\maven-repo\org\apache\tomcat\embed\tomcat-embed-el\9.0.14\tomcat-embed-el-9.0.14.jar;C:\Users\Sophia\apache-maven-3.8.6\maven-repo\org\apache\tomcat\embed\tomcat-embed-websocket\9.0.14\tomcat-embed-websocket-9.0.14.jar;C:\Users\Sophia\apache-maven-3.8.6\maven-repo\org\hibernate\validator\hibernate-validator\6.0.14.Final\hibernate-validator-6.0.14.Final.jar;C:\Users\Sophia\apache-maven-3.8.6\maven-repo\javax\validation\validation-api\2.0.1.Final\validation-api-2.0.1.Final.jar;C:\Users\Sophia\apache-maven-3.8.6\maven-repo\org\jboss\logging\jboss-logging\3.3.2.Final\jboss-logging-3.3.2.Final.jar;C:\Users\Sophia\apache-maven-3.8.6\maven-repo\org\springframework\spring-web\5.1.4.RELEASE\spring-web-5.1.4.RELEASE.jar;C:\Users\Sophia\apache-maven-3.8.6\maven-repo\org\springframework\spring-beans\5.1.4.RELEASE\spring-beans-5.1.4.RELEASE.jar;C:\Users\Sophia\apache-maven-3.8.6\maven-repo\org\springframework\spring-webmvc\5.1.4.RELEASE\spring-webmvc-5.1.4.RELEASE.jar;C:\Users\Sophia\apache-maven-3.8.6\maven-repo\org\springframework\spring-aop\5.1.4.RELEASE\spring-aop-5.1.4.RELEASE.jar;C:\Users\Sophia\apache-maven-3.8.6\maven-repo\org\springframework\spring-context\5.1.4.RELEASE\spring-context-5.1.4.RELEASE.jar;C:\Users\Sophia\apache-maven-3.8.6\maven-repo\org\springframework\spring-expression\5.1.4.RELEASE\spring-expression-5.1.4.RELEASE.jar;C:\Users\Sophia\apache-maven-3.8.6\maven-repo\org\springframework\boot\spring-boot-starter-test\2.1.2.RELEASE\spring-boot-starter-test-2.1.2.RELEASE.jar;C:\Users\Sophia\apache-maven-3.8.6\maven-repo\org\springframework\boot\spring-boot-test\2.1.2.RELEASE\spring-boot-test-2.1.2.RELEASE.jar;C:\Users\Sophia\apache-maven-3.8.6\maven-repo\org\springframework\boot\spring-boot-test-autoconfigure\2.1.2.RELEASE\spring-boot-test-autoconfigure-2.1.2.RELEASE.jar;C:\Users\Sophia\apache-maven-3.8.6\maven-repo\com\jayway\jsonpath\json-path\2.4.0\json-path-2.4.0.jar;C:\Users\Sophia\apache-maven-3.8.6\maven-repo\net\minidev\json-smart\2.3\json-smart-2.3.jar;C:\Users\Sophia\apache-maven-3.8.6\maven-repo\net\minidev\accessors-smart\1.2\accessors-smart-1.2.jar;C:\Users\Sophia\apache-maven-3.8.6\maven-repo\org\ow2\asm\asm\5.0.4\asm-5.0.4.jar;C:\Users\Sophia\apache-maven-3.8.6\maven-repo\junit\junit\4.12\junit-4.12.jar;C:\Users\Sophia\apache-maven-3.8.6\maven-repo\org\assertj\assertj-core\3.11.1\assertj-core-3.11.1.jar;C:\Users\Sophia\apache-maven-3.8.6\maven-repo\org\mockito\mockito-core\2.23.4\mockito-core-2.23.4.jar;C:\Users\Sophia\apache-maven-3.8.6\maven-repo\net\bytebuddy\byte-buddy\1.9.7\byte-buddy-1.9.7.jar;C:\Users\Sophia\apache-maven-3.8.6\maven-repo\net\bytebuddy\byte-buddy-agent\1.9.7\byte-buddy-agent-1.9.7.jar;C:\Users\Sophia\apache-maven-3.8.6\maven-repo\org\objenesis\objenesis\2.6\objenesis-2.6.jar;C:\Users\Sophia\apache-maven-3.8.6\maven-repo\org\hamcrest\hamcrest-core\1.3\hamcrest-core-1.3.jar;C:\Users\Sophia\apache-maven-3.8.6\maven-repo\org\hamcrest\hamcrest-library\1.3\hamcrest-library-1.3.jar;C:\Users\Sophia\apache-maven-3.8.6\maven-repo\org\skyscreamer\jsonassert\1.5.0\jsonassert-1.5.0.jar;C:\Users\Sophia\apache-maven-3.8.6\maven-repo\com\vaadin\external\google\android-json\0.0.20131108.vaadin1\android-json-0.0.20131108.vaadin1.jar;C:\Users\Sophia\apache-maven-3.8.6\maven-repo\org\springframework\spring-core\5.1.4.RELEASE\spring-core-5.1.4.RELEASE.jar;C:\Users\Sophia\apache-maven-3.8.6\maven-repo\org\springframework\spring-jcl\5.1.4.RELEASE\spring-jcl-5.1.4.RELEASE.jar;C:\Users\Sophia\apache-maven-3.8.6\maven-repo\org\springframework\spring-test\5.1.4.RELEASE\spring-test-5.1.4.RELEASE.jar;C:\Users\Sophia\apache-maven-3.8.6\maven-repo\org\xmlunit\xmlunit-core\2.6.2\xmlunit-core-2.6.2.jar;C:\Users\Sophia\apache-maven-3.8.6\maven-repo\mysql\mysql-connector-java\8.0.13\mysql-connector-java-8.0.13.jar;C:\Users\Sophia\apache-maven-3.8.6\maven-repo\org\mybatis\spring\boot\mybatis-spring-boot-starter\1.3.1\mybatis-spring-boot-starter-1.3.1.jar;C:\Users\Sophia\apache-maven-3.8.6\maven-repo\org\springframework\boot\spring-boot-starter-jdbc\2.1.2.RELEASE\spring-boot-starter-jdbc-2.1.2.RELEASE.jar;C:\Users\Sophia\apache-maven-3.8.6\maven-repo\com\zaxxer\HikariCP\3.2.0\HikariCP-3.2.0.jar;C:\Users\Sophia\apache-maven-3.8.6\maven-repo\org\springframework\spring-jdbc\5.1.4.RELEASE\spring-jdbc-5.1.4.RELEASE.jar;C:\Users\Sophia\apache-maven-3.8.6\maven-repo\org\springframework\spring-tx\5.1.4.RELEASE\spring-tx-5.1.4.RELEASE.jar;C:\Users\Sophia\apache-maven-3.8.6\maven-repo\org\mybatis\spring\boot\mybatis-spring-boot-autoconfigure\1.3.1\mybatis-spring-boot-autoconfigure-1.3.1.jar;C:\Users\Sophia\apache-maven-3.8.6\maven-repo\org\mybatis\mybatis\3.4.5\mybatis-3.4.5.jar;C:\Users\Sophia\apache-maven-3.8.6\maven-repo\org\mybatis\mybatis-spring\1.3.1\mybatis-spring-1.3.1.jar;C:\Users\Sophia\apache-maven-3.8.6\maven-repo\io\springfox\springfox-swagger2\2.9.2\springfox-swagger2-2.9.2.jar;C:\Users\Sophia\apache-maven-3.8.6\maven-repo\io\swagger\swagger-annotations\1.5.20\swagger-annotations-1.5.20.jar;C:\Users\Sophia\apache-maven-3.8.6\maven-repo\io\swagger\swagger-models\1.5.20\swagger-models-1.5.20.jar;C:\Users\Sophia\apache-maven-3.8.6\maven-repo\com\fasterxml\jackson\core\jackson-annotations\2.9.0\jackson-annotations-2.9.0.jar;C:\Users\Sophia\apache-maven-3.8.6\maven-repo\io\springfox\springfox-spi\2.9.2\springfox-spi-2.9.2.jar;C:\Users\Sophia\apache-maven-3.8.6\maven-repo\io\springfox\springfox-core\2.9.2\springfox-core-2.9.2.jar;C:\Users\Sophia\apache-maven-3.8.6\maven-repo\io\springfox\springfox-schema\2.9.2\springfox-schema-2.9.2.jar;C:\Users\Sophia\apache-maven-3.8.6\maven-repo\io\springfox\springfox-swagger-common\2.9.2\springfox-swagger-common-2.9.2.jar;C:\Users\Sophia\apache-maven-3.8.6\maven-repo\io\springfox\springfox-spring-web\2.9.2\springfox-spring-web-2.9.2.jar;C:\Users\Sophia\apache-maven-3.8.6\maven-repo\com\google\guava\guava\20.0\guava-20.0.jar;C:\Users\Sophia\apache-maven-3.8.6\maven-repo\com\fasterxml\classmate\1.4.0\classmate-1.4.0.jar;C:\Users\Sophia\apache-maven-3.8.6\maven-repo\org\slf4j\slf4j-api\1.7.25\slf4j-api-1.7.25.jar;C:\Users\Sophia\apache-maven-3.8.6\maven-repo\org\springframework\plugin\spring-plugin-core\1.2.0.RELEASE\spring-plugin-core-1.2.0.RELEASE.jar;C:\Users\Sophia\apache-maven-3.8.6\maven-repo\org\springframework\plugin\spring-plugin-metadata\1.2.0.RELEASE\spring-plugin-metadata-1.2.0.RELEASE.jar;C:\Users\Sophia\apache-maven-3.8.6\maven-repo\org\mapstruct\mapstruct\1.2.0.Final\mapstruct-1.2.0.Final.jar;C:\Users\Sophia\apache-maven-3.8.6\maven-repo\io\springfox\springfox-swagger-ui\2.9.2\springfox-swagger-ui-2.9.2.jar;"/>
    <property name="sun.cpu.endian" value="little"/>
    <property name="user.home" value="C:\Users\Sophia"/>
    <property name="user.language" value="zh"/>
    <property name="java.specification.vendor" value="Oracle Corporation"/>
    <property name="java.home" value="C:\Users\Sophia\.jdks\corretto-1.8.0_352-1\jre"/>
    <property name="basedir" value="F:\Sophia\course\week3\backend"/>
    <property name="file.separator" value="\"/>
    <property name="line.separator" value="&#10;"/>
    <property name="java.vm.specification.vendor" value="Oracle Corporation"/>
    <property name="java.specification.name" value="Java Platform API Specification"/>
    <property name="java.awt.graphicsenv" value="sun.awt.Win32GraphicsEnvironment"/>
    <property name="surefire.real.class.path" value="C:\Users\Sophia\AppData\Local\Temp\surefire6075176107026903352\surefirebooter9122324677188427278.jar"/>
    <property name="sun.boot.class.path" value="C:\Users\Sophia\.jdks\corretto-1.8.0_352-1\jre\lib\resources.jar;C:\Users\Sophia\.jdks\corretto-1.8.0_352-1\jre\lib\rt.jar;C:\Users\Sophia\.jdks\corretto-1.8.0_352-1\jre\lib\sunrsasign.jar;C:\Users\Sophia\.jdks\corretto-1.8.0_352-1\jre\lib\jsse.jar;C:\Users\Sophia\.jdks\corretto-1.8.0_352-1\jre\lib\jce.jar;C:\Users\Sophia\.jdks\corretto-1.8.0_352-1\jre\lib\charsets.jar;C:\Users\Sophia\.jdks\corretto-1.8.0_352-1\jre\lib\jfr.jar;C:\Users\Sophia\.jdks\corretto-1.8.0_352-1\jre\classes"/>
    <property name="user.script" value=""/>
    <property name="sun.management.compiler" value="HotSpot 64-Bit Tiered Compilers"/>
    <property name="java.runtime.version" value="1.8.0_352-b08"/>
    <property name="user.name" value="Sophia"/>
    <property name="path.separator" value=";"/>
    <property name="os.version" value="10.0"/>
    <property name="java.endorsed.dirs" value="C:\Users\Sophia\.jdks\corretto-1.8.0_352-1\jre\lib\endorsed"/>
    <property name="java.runtime.name" value="OpenJDK Runtime Environment"/>
    <property name="file.encoding" value="GBK"/>
    <property name="java.vm.name" value="OpenJDK 64-Bit Server VM"/>
    <property name="localRepository" value="C:\Users\Sophia\apache-maven-3.8.6\maven-repo"/>
    <property name="java.vendor.url.bug" value="https://github.com/corretto/corretto-8/issues/"/>
    <property name="java.io.tmpdir" value="C:\Users\Sophia\AppData\Local\Temp\"/>
    <property name="idea.version" value="2022.3.2"/>
    <property name="java.version" value="1.8.0_352"/>
    <property name="user.dir" value="F:\Sophia\course\week3\backend"/>
    <property name="os.arch" value="amd64"/>
    <property name="java.vm.specification.name" value="Java Virtual Machine Specification"/>
    <property name="java.awt.printerjob" value="sun.awt.windows.WPrinterJob"/>
    <property name="sun.os.patch.level" value=""/>
    <property name="java.library.path" value="C:\Users\Sophia\.jdks\corretto-1.8.0_352-1\jre\bin;C:\WINDOWS\Sun\Java\bin;C:\WINDOWS\system32;C:\WINDOWS;C:\Program Files\OpenSSH-Win64;&quot;C:\Users\Sophia\AppData\Roaming\Microsoft\Windows\Start Menu\Programs\Python 3.9\Scripts;&quot;;E:\Java\jdk-17.0.2\bin;C:\Users\Sophia\apache-maven-3.8.6in;C:\Users\Sophia\apache-maven-3.8.6\bin;C:\Program Files\Common Files\Oracle\Java\javapath;C:\Windows\system32;C:\Windows;C:\Windows\System32\Wbem;C:\Windows\System32\WindowsPowerShell\v1.0\;C:\Program Files (x86)\NVIDIA Corporation\PhysX\Common;C:\Program Files\NVIDIA Corporation\NVIDIA NvDLISR;F:\Tencent\微信web开发者工具\dll;C:\Pro;ram Files\NVIDIA Corporation\Nsight Compute 2021.2.2\;C:\Program Files\TortoiseGit\bin;C:\Program Files (x86)\PDFtk Server\bin\;C:\ProgramData\chocolatey\bin;E:\Program Files\nodejs\;C:\Users\Sophia\AppData\Roaming\npm;E:\Program Files\apache-jmeter-5.5\bin;E:\Program Files\xshell\;C:\Program Files\Microsoft VS Code\bin;C:\Pro;ram Files\Docker\Docker\resources\bin;C:\Pr;gram Files\Docker\Docker\resources\bin;F:\Sophia\project\asclepius\vtk-lib;F:\Tecent\微信web开发者工具\dll;;;;C:\Program Files\Git\cmd;C:\Program Files\OpenSSH-Win64;C:\Users\Sophia\AppData\Local\Programs\Python\Python310\Scripts\;C:\Users\Sophia\AppData\Local\Programs\Python\Python310\;E:\Java\jdk-17.0.2\bin;E:\Java\jdk-17.0.2\jre\bin;C:\Program Files\JetBrains\PyCharm 2024.1.4\bin;;C:\Program Files\JetBrains\IntelliJ IDEA 2021.3.3\bin;;C:\Users\Sophia\AppData\Roaming\npm;F:\Program Files\Microsoft VS Code\bin;;."/>
    <property name="java.vm.info" value="mixed mode"/>
    <property name="java.vendor" value="Amazon.com Inc."/>
    <property name="java.vm.version" value="25.352-b08"/>
    <property name="java.specification.maintenance.version" value="4"/>
    <property name="java.ext.dirs" value="C:\Users\Sophia\.jdks\corretto-1.8.0_352-1\jre\lib\ext;C:\WINDOWS\Sun\Java\lib\ext"/>
    <property name="sun.io.unicode.encoding" value="UnicodeLittle"/>
    <property name="maven.repo.local" value="C:\Users\Sophia\apache-maven-3.8.6\maven-repo"/>
    <property name="java.class.version" value="52.0"/>
  </properties>
  <testcase name="contextLoads" classname="homework.backend.DemoApplicationTests" time="0.153"/>
</testsuite>